<?xml version="1.0" encoding="UTF-8"?>
<!-- Generated by org.testng.reporters.JUnitReportReporter -->
<testsuite hostname="DESKTOP-JA9H2L9" failures="0" tests="1" name="Amazon_Login.Amazon_Login_Test" time="52.007" errors="0" timestamp="2025-04-28T12:40:39 IST" skipped="0">
  <testcase classname="Amazon_Login.Amazon_Login_Test" name="productSearch" time="52.007"/>
</testsuite> <!-- Amazon_Login.Amazon_Login_Test -->
